<?xml version="1.0" encoding="UTF-8"?>
<testsuite name="hello.typeconverter.formatter.FormattingConversionServiceTest" tests="1" skipped="0" failures="0" errors="0" timestamp="2023-04-04T16:27:26" hostname="LEEKYUHWUN" time="0.222">
  <properties/>
  <testcase name="formattingConversionService()" classname="hello.typeconverter.formatter.FormattingConversionServiceTest" time="0.222"/>
  <system-out><![CDATA[01:27:26.404 [Test worker] INFO hello.typeconverter.converter.StringToIpPortConverter - convert source=127.0.0.1:8080
01:27:26.461 [Test worker] INFO hello.typeconverter.formatter.MyNumberFormatter - object=1000, locale=ko_KR
01:27:26.467 [Test worker] INFO hello.typeconverter.formatter.MyNumberFormatter - text=1,000, locale=ko_KR
]]></system-out>
  <system-err><![CDATA[]]></system-err>
</testsuite>
